cmswn1889.fnal.gov
/storage/local/data1/condor/execute/dir_4054789
source ./tardir/thetaGridbs.sh 3
BStarCombinationHistos_Left_Allhadronic.root BStarCombinationHistos_Left_Dileptonic.root BStarCombinationHistos_Left_Semileptonic.root BStarCombinationHistos_Right_Allhadronic.root BStarCombinationHistos_Right_Dileptonic.root BStarCombinationHistos_Right_Semileptonic.root BStarCombinationHistos_Vector_Allhadronic.root BStarCombinationHistos_Vector_Dileptonic.root BStarCombinationHistos_Vector_Semileptonic.root analysis gridpack_bsTemplate.tgz thetaGridbs.py thetaGridbs.sh
tar (child): analysis.tgz: Cannot open: No such file or directory
tar (child): Error is not recoverable: exiting now
tar: Child returned status 2
tar: Error is not recoverable: exiting now
bin/
bin/theta
bin/theta.exe
etc/
etc/plugins/
etc/plugins/TVirtualStreamerInfo/
etc/plugins/TVirtualStreamerInfo/P010_TStreamerInfo.C
etc/system.rootrc
extlib/
extlib/libdl.so.2
extlib/libsqlite3.so.0
extlib/libboost_thread.so.1.57.0
extlib/libboost_signals.so.1.57.0
extlib/libboost_date_time.so.1.57.0
extlib/libboost_filesystem.so.1.57.0
extlib/libboost_program_options.so.1.57.0
extlib/libboost_regex.so.1.57.0
extlib/libboost_iostreams.so.1.57.0
extlib/libstdc++.so.6
extlib/libm.so.6
extlib/libgcc_s.so.1
extlib/libc.so.6
extlib/ld-linux.so
extlib/libpthread.so.0
extlib/libboost_system.so.1.57.0
extlib/librt.so.1
extlib/libz.so.1
extlib/libbz2.so.1.0
extlib/libMinuit2.so
extlib/libMinuit.so
extlib/libCore.so
extlib/libRIO.so
extlib/libHist.so
extlib/libGraf.so
extlib/libGraf3d.so
extlib/libGpad.so
extlib/libTree.so
extlib/libNet.so
extlib/libRint.so
extlib/libPostscript.so
extlib/libMatrix.so
extlib/libPhysics.so
extlib/libMathCore.so
extlib/libThread.so
extlib/liblzma.so.5
extlib/libpcre.so.0
extlib/libfreetype.so.6
extlib/libcrypto.so.6
extlib/libssl.so.6
extlib/libgssapi_krb5.so.2
extlib/libkrb5.so.3
extlib/libcom_err.so.2
extlib/libk5crypto.so.3
extlib/libresolv.so.2
extlib/libkrb5support.so.0
extlib/libkeyutils.so.1
extlib/libselinux.so.1
lib/
lib/core-plugins.so
lib/libamdlibm.so
lib/libconfig.so
lib/libtheta.so
lib/root.so
total 16M
drwxr-xr-x 3 lcorcodi us_cms 4.0K Dec  4 16:26 etc
drwxr-xr-x 2 lcorcodi us_cms 4.0K Dec  4 16:26 lib
drwxr-xr-x 2 lcorcodi us_cms 4.0K Dec  4 16:26 bin
drwxr-xr-x 2 lcorcodi us_cms 4.0K Dec  4 16:26 extlib
-rwxr-xr-x 1 lcorcodi us_cms   61 Dec  4 20:57 thetaGridbs.sh
-rwxr-xr-x 1 lcorcodi us_cms 2.0K Dec  4 20:57 thetaGridbs.py
drwxr-xr-x 4 lcorcodi us_cms 4.0K Dec  4 20:57 analysis
-rw-r--r-- 1 lcorcodi us_cms 704K Dec  4 20:57 BStarCombinationHistos_Vector_Semileptonic.root
-rw-r--r-- 1 lcorcodi us_cms  82K Dec  4 20:57 BStarCombinationHistos_Vector_Dileptonic.root
-rw-r--r-- 1 lcorcodi us_cms  462 Dec  4 20:57 BStarCombinationHistos_Vector_Allhadronic.root
-rw-r--r-- 1 lcorcodi us_cms 433K Dec  4 20:57 BStarCombinationHistos_Right_Semileptonic.root
-rw-r--r-- 1 lcorcodi us_cms  81K Dec  4 20:57 BStarCombinationHistos_Right_Dileptonic.root
-rw-r--r-- 1 lcorcodi us_cms  490 Dec  4 20:57 BStarCombinationHistos_Right_Allhadronic.root
-rw-r--r-- 1 lcorcodi us_cms 696K Dec  4 20:57 BStarCombinationHistos_Left_Semileptonic.root
-rw-r--r-- 1 lcorcodi us_cms  81K Dec  4 20:57 BStarCombinationHistos_Left_Dileptonic.root
-rw-r--r-- 1 lcorcodi us_cms 1.6M Dec  4 20:57 BStarCombinationHistos_Left_Allhadronic.root
-rw-r--r-- 1 lcorcodi us_cms  12M Dec  4 20:57 gridpack_bsTemplate.tgz
-rw-r--r-- 1 lcorcodi us_cms 170K Dec  4 20:59 quant-toys:0-bs1600-aa0f4a5af8.db
arguments on the command line are
['thetaGridbs.py', '3']
Processing index = 2
executing tar -zxvf analysis.tgz
All analysis files are : 
['analysis/quant-toys:0-bs1200-1d20b4e145.cfg', 'analysis/quant-toys:0-bs1400-b481576140.cfg', 'analysis/quant-toys:0-bs1600-aa0f4a5af8.cfg', 'analysis/quant-toys:0-bs1800-be5004046d.cfg', 'analysis/quant-toys:0-bs2000-ce12b4803e.cfg', 'analysis/quant-toys:0-bs2200-f86623954f.cfg', 'analysis/quant-toys:0-bs2400-218d622373.cfg', 'analysis/quant-toys:0-bs2600-5a80744ae6.cfg', 'analysis/quant-toys:0-bs2800-830e42a85e.cfg', 'analysis/quant-toys:0-bs3000-5cb1fea9bb.cfg']
Will be processing analysis/quant-toys:0-bs1600-aa0f4a5af8.cfg
Unpacking the theta gridpack
executing tar -zxvf gridpack_bsTemplate.tgz
stripped name is quant-toys:0-bs1600-aa0f4a5af8
log name is debuglogbs1600-aa0f4a5af.txt
output name is quant-toys:0-bs1600-aa0f4a5af8.db
executing bin/theta analysis/quant-toys:0-bs1600-aa0f4a5af8.cfg > /dev/null
executing ls -trlh
Tarring up the results to results.tgz
[]
['quant-toys:0-bs1600-aa0f4a5af8.db']
[]
executing tar -cz quant-toys:0-bs1600-aa0f4a5af8.db > ../results2.tgz

real	1m16.670s
user	1m12.497s
sys	0m1.060s
