000 (1535436.008.000) 12/04 20:57:41 Job submitted from host: <131.225.189.130:16921?addrs=131.225.189.130-16921>
...
001 (1535436.008.000) 12/04 20:57:53 Job executing on host: <131.225.191.137:5538?addrs=131.225.191.137-5538>
...
006 (1535436.008.000) 12/04 20:58:02 Image size of job updated: 2
	3  -  MemoryUsage of job (MB)
	2440  -  ResidentSetSize of job (KB)
...
006 (1535436.008.000) 12/04 20:59:03 Image size of job updated: 85480
	16  -  MemoryUsage of job (MB)
	16288  -  ResidentSetSize of job (KB)
...
005 (1535436.008.000) 12/04 20:59:20 Job terminated.
	(1) Normal termination (return value 0)
		Usr 0 00:01:12, Sys 0 00:00:00  -  Run Remote Usage
		Usr 0 00:00:00, Sys 0 00:00:00  -  Run Local Usage
		Usr 0 00:01:12, Sys 0 00:00:00  -  Total Remote Usage
		Usr 0 00:00:00, Sys 0 00:00:00  -  Total Local Usage
	128603  -  Run Bytes Sent By Job
	13104972  -  Run Bytes Received By Job
	128603  -  Total Bytes Sent By Job
	13104972  -  Total Bytes Received By Job
	Partitionable Resources :    Usage  Request Allocated
	   Cpus                 :                 1         1
	   Disk (KB)            :    63559    15000   3009227
	   Memory (MB)          :       16     2100      2100
...
