000 (867395.006.000) 12/04 16:29:30 Job submitted from host: <131.225.190.108:6137?addrs=131.225.190.108-6137>
...
001 (867395.006.000) 12/04 16:29:50 Job executing on host: <131.225.206.173:43083?addrs=131.225.206.173-43083>
...
006 (867395.006.000) 12/04 16:29:52 Image size of job updated: 2
	0  -  MemoryUsage of job (MB)
	0  -  ResidentSetSize of job (KB)
...
005 (867395.006.000) 12/04 16:29:53 Job terminated.
	(1) Normal termination (return value 0)
		Usr 0 00:00:00, Sys 0 00:00:00  -  Run Remote Usage
		Usr 0 00:00:00, Sys 0 00:00:00  -  Run Local Usage
		Usr 0 00:00:00, Sys 0 00:00:00  -  Total Remote Usage
		Usr 0 00:00:00, Sys 0 00:00:00  -  Total Local Usage
	3812  -  Run Bytes Sent By Job
	1226980  -  Run Bytes Received By Job
	3812  -  Total Bytes Sent By Job
	1226980  -  Total Bytes Received By Job
	Partitionable Resources :    Usage  Request Allocated
	   Cpus                 :                 1         1
	   Disk (KB)            :     6169     1250   3031478
	   Memory (MB)          :        0     2100      2100
...
