cmswn1888.fnal.gov
/storage/local/data1/condor/execute/dir_2994038
source ./tardir/thetaGridbs.sh 5
BStarCombinationHistos_Left_Allhadronic.root BStarCombinationHistos_Left_Dileptonic.root BStarCombinationHistos_Left_Semileptonic.root BStarCombinationHistos_Right_Allhadronic.root BStarCombinationHistos_Right_Dileptonic.root BStarCombinationHistos_Right_Semileptonic.root BStarCombinationHistos_Vector_Allhadronic.root BStarCombinationHistos_Vector_Dileptonic.root BStarCombinationHistos_Vector_Semileptonic.root analysis thetaGridbs.py thetaGridbs.sh
tar (child): analysis.tgz: Cannot open: No such file or directory
tar (child): Error is not recoverable: exiting now
tar: Child returned status 2
tar: Error is not recoverable: exiting now
tar (child): gridpack_bsTemplate.tgz: Cannot open: No such file or directory
tar (child): Error is not recoverable: exiting now
tar: Child returned status 2
tar: Error is not recoverable: exiting now
/bin/sh: bin/theta: No such file or directory
total 3.6M
-rwxr-xr-x 1 lcorcodi us_cms   61 Dec  4 16:29 thetaGridbs.sh
-rwxr-xr-x 1 lcorcodi us_cms 1.9K Dec  4 16:29 thetaGridbs.py
drwxr-xr-x 4 lcorcodi us_cms 4.0K Dec  4 16:29 analysis
-rw-r--r-- 1 lcorcodi us_cms 704K Dec  4 16:29 BStarCombinationHistos_Vector_Semileptonic.root
-rw-r--r-- 1 lcorcodi us_cms  462 Dec  4 16:29 BStarCombinationHistos_Vector_Allhadronic.root
-rw-r--r-- 1 lcorcodi us_cms 433K Dec  4 16:29 BStarCombinationHistos_Right_Semileptonic.root
-rw-r--r-- 1 lcorcodi us_cms  490 Dec  4 16:29 BStarCombinationHistos_Right_Allhadronic.root
-rw-r--r-- 1 lcorcodi us_cms 696K Dec  4 16:29 BStarCombinationHistos_Left_Semileptonic.root
-rw-r--r-- 1 lcorcodi us_cms  81K Dec  4 16:29 BStarCombinationHistos_Left_Dileptonic.root
-rw-r--r-- 1 lcorcodi us_cms 1.6M Dec  4 16:29 BStarCombinationHistos_Left_Allhadronic.root
-rw-r--r-- 1 lcorcodi us_cms  82K Dec  4 16:29 BStarCombinationHistos_Vector_Dileptonic.root
-rw-r--r-- 1 lcorcodi us_cms  81K Dec  4 16:29 BStarCombinationHistos_Right_Dileptonic.root
tar: debuglogbs2000-8d1ce3a36.txt: Cannot stat: No such file or directory
tar: quant-toys\:0-bs2000-8d1ce3a36b.db: Cannot stat: No such file or directory
tar: Exiting with failure status due to previous errors
arguments on the command line are
['thetaGridbs.py', '5']
Processing index = 4
executing tar -zxvf analysis.tgz
All analysis files are : 
['analysis/quant-toys:0-bs1200-8f04423c69.cfg', 'analysis/quant-toys:0-bs1400-ccc4dbf35d.cfg', 'analysis/quant-toys:0-bs1600-2d5a1466d6.cfg', 'analysis/quant-toys:0-bs1800-c50d942376.cfg', 'analysis/quant-toys:0-bs2000-8d1ce3a36b.cfg', 'analysis/quant-toys:0-bs2200-19d186510a.cfg', 'analysis/quant-toys:0-bs2400-e4291a2eb3.cfg', 'analysis/quant-toys:0-bs2600-38c91896d2.cfg', 'analysis/quant-toys:0-bs2800-c16bf57692.cfg', 'analysis/quant-toys:0-bs3000-1c672d50ca.cfg']
Will be processing analysis/quant-toys:0-bs2000-8d1ce3a36b.cfg
Unpacking the theta gridpack
executing tar -zxvf gridpack_bsTemplate.tgz
stripped name is quant-toys:0-bs2000-8d1ce3a36b
log name is debuglogbs2000-8d1ce3a36.txt
output name is quant-toys:0-bs2000-8d1ce3a36b.db
executing bin/theta analysis/quant-toys:0-bs2000-8d1ce3a36b.cfg > /dev/null
executing ls -trlh
Tarring up the results to results.tgz
[]
[]
[]
executing tar -cz debuglogbs2000-8d1ce3a36.txt quant-toys:0-bs2000-8d1ce3a36b.db > ../results4.tgz

real	0m0.160s
user	0m0.031s
sys	0m0.063s
