000 (379006.004.000) 08/30 20:52:55 Job submitted from host: <131.225.190.20:35681>
...
001 (379006.004.000) 08/30 20:53:00 Job executing on host: <131.225.206.231:53278>
...
006 (379006.004.000) 08/30 20:53:03 Image size of job updated: 88056
	0  -  MemoryUsage of job (MB)
	0  -  ResidentSetSize of job (KB)
...
005 (379006.004.000) 08/30 20:53:03 Job terminated.
	(1) Normal termination (return value 0)
		Usr 0 00:00:00, Sys 0 00:00:00  -  Run Remote Usage
		Usr 0 00:00:00, Sys 0 00:00:00  -  Run Local Usage
		Usr 0 00:00:00, Sys 0 00:00:00  -  Total Remote Usage
		Usr 0 00:00:00, Sys 0 00:00:00  -  Total Local Usage
	3475  -  Run Bytes Sent By Job
	1159562  -  Run Bytes Received By Job
	3475  -  Total Bytes Sent By Job
	1159562  -  Total Bytes Received By Job
	Partitionable Resources :    Usage  Request Allocated
	   Cpus                 :                 1         1
	   Disk (KB)            :     4184     1250   3895079
	   Memory (MB)          :        0     2875      2875
...
